-------------------------------------------------------------------------------
Test set: com.my.demo.test.Test1
-------------------------------------------------------------------------------
Tests run: 1, Failures: 1, Errors: 0, Skipped: 0, Time elapsed: 1.001 s <<< FAILURE! - in com.my.demo.test.Test1
com.my.demo.test.Test1.test1  Time elapsed: 1.001 s  <<< FAILURE!
java.lang.AssertionError: expected:<1> but was:<2>
	at com.my.demo.test.Test1.test1(Test1.java:39)

