<?xml version="1.0" encoding="UTF-8"?>
<testsuite xmlns:xsi="http://www.w3.org/2001/XMLSchema-instance" xsi:noNamespaceSchemaLocation="https://maven.apache.org/surefire/maven-surefire-plugin/xsd/surefire-test-report-3.0.xsd" version="3.0" name="com.my.demo.test.Test1" time="1.001" tests="1" errors="0" skipped="0" failures="1">
  <properties>
[...]
</properties>
  <testcase name="test1" classname="com.my.demo.test.Test1" time="1.003">
    <failure message="expected:&lt;1&gt; but was:&lt;2&gt;" type="java.lang.AssertionError"><![CDATA[java.lang.AssertionError: expected:<1> but was:<2>
	at com.my.demo.test.Test1.test1(Test1.java:39)
]]></failure>
    <rerunFailure message="expected:&lt;1&gt; but was:&lt;2&gt;" type="java.lang.AssertionError">
      <stackTrace><![CDATA[java.lang.AssertionError: expected:<1> but was:<2>
	at com.my.demo.test.Test1.test1(Test1.java:39)
]]></stackTrace>
    </rerunFailure>
    <rerunFailure message="expected:&lt;1&gt; but was:&lt;2&gt;" type="java.lang.AssertionError">
      <stackTrace><![CDATA[java.lang.AssertionError: expected:<1> but was:<2>
	at com.my.demo.test.Test1.test1(Test1.java:39)
]]></stackTrace>
    </rerunFailure>
  </testcase>
  <testcase name="test2" classname="com.my.demo.test.Test1" time="1"/>
  <testcase name="test3" classname="com.my.demo.test.Test1" time="1"/>
</testsuite>